<?xml version="1.0" encoding="UTF-8"?>
<!-- Generated by org.testng.reporters.JUnitReportReporter -->
<testsuite hostname="LAPTOP-MANU-HOME" failures="0" tests="1" name="obsqura5.Example2" time="0.016" errors="0" timestamp="2021-12-13T22:15:56 MST" skipped="0">
  <testcase classname="obsqura5.Example2" name="f" time="0.016"/>
  <system-out/>
</testsuite> <!-- obsqura5.Example2 -->
