<?xml version="1.0" encoding="UTF-8"?>
<!-- Generated by org.testng.reporters.JUnitReportReporter -->
<testsuite hostname="LAPTOP-MANU-HOME" failures="0" tests="1" name="obsqura5.Example5" time="8.323" errors="0" timestamp="2021-12-16T22:31:13 MST" skipped="0">
  <testcase classname="obsqura5.Example5" name="f" time="8.323"/>
  <system-out/>
</testsuite> <!-- obsqura5.Example5 -->
