<?xml version="1.0" encoding="UTF-8"?>
<!-- Generated by org.testng.reporters.JUnitReportReporter -->
<testsuite hostname="LAPTOP-MANU-HOME" failures="0" tests="1" name="obsqura5.Example7" time="0.503" errors="0" timestamp="2021-12-15T22:26:02 MST" skipped="0">
  <testcase classname="obsqura5.Example7" name="f" time="0.503"/>
  <system-out/>
</testsuite> <!-- obsqura5.Example7 -->
